<?xml version="1.0" encoding="UTF-8"?>
<!-- Generated by org.testng.reporters.JUnitReportReporter -->
<testsuite name="Annotations_1.Annotations_Demo" tests="3" time="0.012" ignored="0" failures="0" timestamp="30 Mar 2022 08:24:16 GMT" skipped="0" hostname="Acer" errors="0">
  <testcase name="Women" time="0.002" classname="Annotations_1.Annotations_Demo"/>
  <testcase name="men" time="0.003" classname="Annotations_1.Annotations_Demo"/>
  <testcase name="Childern" time="0.007" classname="Annotations_1.Annotations_Demo"/>
</testsuite> <!-- Annotations_1.Annotations_Demo -->
