<?xml version="1.0" encoding="UTF-8"?>
<!-- Generated by org.testng.reporters.JUnitReportReporter -->
<testsuite name="Annotations_1.Dependency_Test" tests="3" time="0.018" ignored="0" failures="0" timestamp="30 Mar 2022 18:22:32 GMT" skipped="0" hostname="Acer" errors="0">
  <testcase name="watch" time="0.002" classname="Annotations_1.Dependency_Test"/>
  <testcase name="offer" time="0.004" classname="Annotations_1.Dependency_Test"/>
  <testcase name="mobile" time="0.012" classname="Annotations_1.Dependency_Test"/>
</testsuite> <!-- Annotations_1.Dependency_Test -->
