<?xml version="1.0" encoding="UTF-8"?>
<!-- Generated by org.testng.reporters.JUnitReportReporter -->
<testsuite name="Annotations_1.Ignore_concept" tests="3" time="0.015" ignored="2" failures="0" timestamp="30 Mar 2022 11:08:56 GMT" skipped="0" hostname="Acer" errors="0">
  <testcase name="Wynkmusic" time="0.012" classname="Annotations_1.Ignore_concept"/>
  <testcase name="instagram" time="0.002" classname="Annotations_1.Ignore_concept"/>
  <testcase name="spotify" time="0.001" classname="Annotations_1.Ignore_concept"/>
  <testcase name="whatsapp" classname="Annotations_1.Ignore_concept">
    <skipped/>
  </testcase> <!-- whatsapp -->
  <testcase name="books" classname="Annotations_1.Ignore_concept">
    <skipped/>
  </testcase> <!-- books -->
</testsuite> <!-- Annotations_1.Ignore_concept -->
