<?xml version="1.0" encoding="UTF-8"?>
<!-- Generated by org.testng.reporters.JUnitReportReporter -->
<testsuite name="Annotations_1.Proirity_Concept" tests="4" time="0.020" ignored="0" failures="0" timestamp="30 Mar 2022 10:49:33 GMT" skipped="0" hostname="Acer" errors="0">
  <testcase name="password" time="0.002" classname="Annotations_1.Proirity_Concept"/>
  <testcase name="login" time="0.002" classname="Annotations_1.Proirity_Concept"/>
  <testcase name="usernmae" time="0.014" classname="Annotations_1.Proirity_Concept"/>
  <testcase name="Seraching" time="0.002" classname="Annotations_1.Proirity_Concept"/>
</testsuite> <!-- Annotations_1.Proirity_Concept -->
