<?xml version="1.0" encoding="UTF-8"?>
<!-- Generated by org.testng.reporters.JUnitReportReporter -->
<testsuite name="Annotations_1.InvocationCount_Concept" tests="6" time="0.027" ignored="0" failures="0" timestamp="30 Mar 2022 12:47:02 GMT" skipped="0" hostname="Acer" errors="0">
  <testcase name="launch_url" time="0.002" classname="Annotations_1.InvocationCount_Concept"/>
  <testcase name="refresh" time="0.002" classname="Annotations_1.InvocationCount_Concept"/>
  <testcase name="refresh" time="0.001" classname="Annotations_1.InvocationCount_Concept"/>
  <testcase name="credentials" time="0.001" classname="Annotations_1.InvocationCount_Concept"/>
  <testcase name="browser_launch" time="0.018" classname="Annotations_1.InvocationCount_Concept"/>
  <testcase name="refresh" time="0.003" classname="Annotations_1.InvocationCount_Concept"/>
</testsuite> <!-- Annotations_1.InvocationCount_Concept -->
