<?xml version="1.0" encoding="UTF-8"?>
<!-- Generated by org.testng.reporters.JUnitReportReporter -->
<testsuite name="Annotations_1.TimeOut_Test" tests="1" time="6.123" ignored="0" failures="0" timestamp="30 Mar 2022 18:11:14 GMT" skipped="0" hostname="Acer" errors="0">
  <testcase name="browser_Execution" time="6.123" classname="Annotations_1.TimeOut_Test"/>
</testsuite> <!-- Annotations_1.TimeOut_Test -->
