<?xml version="1.0" encoding="UTF-8"?>
<!-- Generated by org.testng.reporters.JUnitReportReporter -->
<testsuite name="Annotations_1.Data_Provider" tests="6" time="0.016" ignored="0" failures="0" timestamp="02 Apr 2022 02:40:58 GMT" skipped="0" hostname="Acer" errors="0">
  <testcase name="automation_Runner" time="0.001" classname="Annotations_1.Data_Provider"/>
  <testcase name="automation_Runner" time="0.001" classname="Annotations_1.Data_Provider"/>
  <testcase name="adactin_Runne" time="0.001" classname="Annotations_1.Data_Provider"/>
  <testcase name="adactin_Runne" time="0.001" classname="Annotations_1.Data_Provider"/>
  <testcase name="automation_Runner" time="0.002" classname="Annotations_1.Data_Provider"/>
  <testcase name="adactin_Runne" time="0.010" classname="Annotations_1.Data_Provider"/>
</testsuite> <!-- Annotations_1.Data_Provider -->
