<?xml version="1.0" encoding="UTF-8"?>
<!-- Generated by org.testng.reporters.JUnitReportReporter -->
<testsuite name="Annotations_1.Groups_Concept" tests="4" time="0.018" ignored="1" failures="0" timestamp="30 Mar 2022 11:50:58 GMT" skipped="0" hostname="Acer" errors="0">
  <testcase name="whatsapp" time="0.001" classname="Annotations_1.Groups_Concept"/>
  <testcase name="Wynkmusic" time="0.013" classname="Annotations_1.Groups_Concept"/>
  <testcase name="instagram" time="0.002" classname="Annotations_1.Groups_Concept"/>
  <testcase name="spotify" time="0.002" classname="Annotations_1.Groups_Concept"/>
  <testcase name="books" classname="Annotations_1.Groups_Concept">
    <skipped/>
  </testcase> <!-- books -->
</testsuite> <!-- Annotations_1.Groups_Concept -->
