<?xml version="1.0" encoding="UTF-8"?>
<!-- Generated by org.testng.reporters.JUnitReportReporter -->
<testsuite name="Annotations_1.Parameetrized_Test" tests="1" time="0.016" ignored="0" failures="0" timestamp="31 Mar 2022 02:44:31 GMT" skipped="0" hostname="Acer" errors="0">
  <testcase name="Credentials" time="0.016" classname="Annotations_1.Parameetrized_Test"/>
</testsuite> <!-- Annotations_1.Parameetrized_Test -->
